{
  "RSpec": {
    "coverage": {
      "/Users/Tom/Programming/MakersAcademy/WeekTen/TechTests/GildedRose/ruby/lib/gilded_rose.rb": [
        1,
        null,
        1,
        null,
        1,
        1,
        null,
        null,
        1,
        1,
        null,
        null,
        1,
        0,
        0,
        0,
        0,
        0,
        null,
        null,
        null,
        0,
        0,
        0,
        0,
        0,
        0,
        null,
        null,
        0,
        0,
        0,
        null,
        null,
        null,
        null,
        null,
        0,
        0,
        null,
        0,
        0,
        0,
        0,
        0,
        0,
        null,
        null,
        null,
        0,
        null,
        null,
        0,
        0,
        null,
        null,
        null,
        null,
        null,
        null
      ],
      "/Users/Tom/Programming/MakersAcademy/WeekTen/TechTests/GildedRose/ruby/lib/item.rb": [
        1,
        1,
        null,
        1,
        0,
        0,
        0,
        null,
        null,
        1,
        0,
        null,
        null
      ]
    },
    "timestamp": 1476872503
  }
}
